<?xml version="1.0" encoding="UTF-8"?>
<testng-results skipped="0" failed="0" ignored="0" total="1" passed="1">
  <reporter-output>
  </reporter-output>
  <suite name="Default suite" duration-ms="301551" started-at="2018-03-24T07:07:27Z" finished-at="2018-03-24T07:12:28Z">
    <groups>
    </groups>
    <test name="Default test" duration-ms="301551" started-at="2018-03-24T07:07:27Z" finished-at="2018-03-24T07:12:28Z">
      <class name="appiumDemoPro.ByjusTest">
        <test-method status="PASS" signature="reportGrenerator()[pri:0, instance:appiumDemoPro.ByjusTest@28ac3dc3]" name="reportGrenerator" is-config="true" duration-ms="143" started-at="2018-03-24T07:07:27Z" finished-at="2018-03-24T07:07:27Z">
          <reporter-output>
          </reporter-output>
        </test-method> <!-- reportGrenerator -->
        <test-method status="PASS" signature="launchApp()[pri:0, instance:appiumDemoPro.ByjusTest@28ac3dc3]" name="launchApp" is-config="true" duration-ms="26202" started-at="2018-03-24T07:07:27Z" finished-at="2018-03-24T07:07:53Z">
          <reporter-output>
          </reporter-output>
        </test-method> <!-- launchApp -->
        <test-method status="PASS" signature="byjusPocTest()[pri:0, instance:appiumDemoPro.ByjusTest@28ac3dc3]" name="byjusPocTest" duration-ms="273712" started-at="2018-03-24T07:07:53Z" finished-at="2018-03-24T07:12:27Z">
          <reporter-output>
          </reporter-output>
        </test-method> <!-- byjusPocTest -->
        <test-method status="PASS" signature="cleanConfig()[pri:0, instance:appiumDemoPro.ByjusTest@28ac3dc3]" name="cleanConfig" is-config="true" duration-ms="1173" started-at="2018-03-24T07:12:27Z" finished-at="2018-03-24T07:12:28Z">
          <reporter-output>
          </reporter-output>
        </test-method> <!-- cleanConfig -->
        <test-method status="PASS" signature="closeReport()[pri:0, instance:appiumDemoPro.ByjusTest@28ac3dc3]" name="closeReport" is-config="true" duration-ms="306" started-at="2018-03-24T07:12:28Z" finished-at="2018-03-24T07:12:28Z">
          <reporter-output>
          </reporter-output>
        </test-method> <!-- closeReport -->
      </class> <!-- appiumDemoPro.ByjusTest -->
    </test> <!-- Default test -->
  </suite> <!-- Default suite -->
</testng-results>
